<?xml version="1.0" encoding="UTF-8"?>
<!-- Generated by org.testng.reporters.JUnitReportReporter -->
<testsuite skipped="0" hostname="LAPTOP-VT80RB39" name="verbose.verbose.FBVerboseTest" tests="3" failures="0" timestamp="2020-04-15T17:06:47 IST" time="37.448" errors="0">
  <testcase name="FBTitleTest1" time="12.001" classname="verbose.verbose.FBVerboseTest"/>
  <system-out/>
  <testcase name="FBTitleTest3" time="12.184" classname="verbose.verbose.FBVerboseTest"/>
  <system-out/>
  <testcase name="FBTitleTest2" time="13.263" classname="verbose.verbose.FBVerboseTest"/>
  <system-out/>
</testsuite> <!-- verbose.verbose.FBVerboseTest -->
